<?xml version="1.0" encoding="UTF-8"?>
<!-- Generated by org.testng.reporters.JUnitReportReporter -->
<testsuite skipped="0" hostname="LAPTOP-T28VGUOL" name="runner.Principal" tests="1" failures="0" timestamp="2019-10-07T01:59:42 COT" time="26.066" errors="0">
  <testcase name="feature" time="26.066" classname="runner.Principal"/>
</testsuite> <!-- runner.Principal -->
